Parsing file: python_samples/project_deliverable_1.py
[TOKEN] type=25, text='assign1'
[TOKEN] type=1, text='='
[TOKEN] type=20, text='"20"'
[TOKEN] type=27, text='\r\n'
[NEWLINE] text='\r\n', current_indent=0, next_indent=0, stack=[0]
[TOKEN] type=27, text='\r\n'
[TOKEN] type=25, text='assign2'
[TOKEN] type=1, text='='
[TOKEN] type=16, text='123'
[TOKEN] type=27, text='\r\n'
[NEWLINE] text='\r\n', current_indent=0, next_indent=0, stack=[0]
[TOKEN] type=27, text='\r\n'
[TOKEN] type=25, text='assign3'
[TOKEN] type=1, text='='
[TOKEN] type=16, text='1.23'
[TOKEN] type=27, text='\r\n'
[NEWLINE] text='\r\n', current_indent=0, next_indent=0, stack=[0]
[TOKEN] type=27, text='\r\n'
[TOKEN] type=25, text='assign4'
[TOKEN] type=1, text='='
[TOKEN] type=25, text='assign1'
[TOKEN] type=27, text='\r\n'
[NEWLINE] text='\r\n', current_indent=0, next_indent=0, stack=[0]
[TOKEN] type=27, text='\r\n'
[TOKEN] type=27, text='\r\n'
[NEWLINE] text='\r\n', current_indent=0, next_indent=0, stack=[0]
[TOKEN] type=27, text='\r\n'
[TOKEN] type=25, text='arith_op1'
[TOKEN] type=1, text='='
[TOKEN] type=16, text='1'
[TOKEN] type=22, text='+'
[TOKEN] type=16, text='2'
[TOKEN] type=27, text='\r\n'
[NEWLINE] text='\r\n', current_indent=0, next_indent=0, stack=[0]
[TOKEN] type=27, text='\r\n'
[TOKEN] type=25, text='arith_op2'
[TOKEN] type=1, text='='
[TOKEN] type=16, text='13'
[TOKEN] type=22, text='-'
[TOKEN] type=16, text='3'
[TOKEN] type=27, text='\r\n'
[NEWLINE] text='\r\n', current_indent=0, next_indent=0, stack=[0]
[TOKEN] type=27, text='\r\n'
[TOKEN] type=25, text='arith_op3'
[TOKEN] type=1, text='='
[TOKEN] type=16, text='10'
[TOKEN] type=21, text='/'
[TOKEN] type=25, text='arith_op1'
[TOKEN] type=27, text='\r\n'
[NEWLINE] text='\r\n', current_indent=0, next_indent=0, stack=[0]
[TOKEN] type=27, text='\r\n'
[TOKEN] type=25, text='arith_op4'
[TOKEN] type=1, text='='
[TOKEN] type=16, text='4.2'
[TOKEN] type=21, text='*'
[TOKEN] type=16, text='10'
[TOKEN] type=27, text='\r\n'
[NEWLINE] text='\r\n', current_indent=0, next_indent=0, stack=[0]
[TOKEN] type=27, text='\r\n'
[TOKEN] type=25, text='arith_op5'
[TOKEN] type=1, text='='
[TOKEN] type=25, text='arith_op1'
[TOKEN] type=21, text='%'
[TOKEN] type=25, text='arith_op2'
[TOKEN] type=27, text='\r\n'
[NEWLINE] text='\r\n', current_indent=0, next_indent=0, stack=[0]
[TOKEN] type=27, text='\r\n'
[TOKEN] type=27, text='\r\n'
[NEWLINE] text='\r\n', current_indent=0, next_indent=0, stack=[0]
[TOKEN] type=27, text='\r\n'
[TOKEN] type=25, text='arith_op1'
[TOKEN] type=24, text='+='
[TOKEN] type=25, text='arith_op2'
[TOKEN] type=27, text='\r\n'
[NEWLINE] text='\r\n', current_indent=0, next_indent=0, stack=[0]
[TOKEN] type=27, text='\r\n'
[TOKEN] type=25, text='arith_op2'
[TOKEN] type=24, text='-='
[TOKEN] type=25, text='arith_op3'
[TOKEN] type=27, text='\r\n'
[NEWLINE] text='\r\n', current_indent=0, next_indent=0, stack=[0]
[TOKEN] type=27, text='\r\n'
[TOKEN] type=25, text='arith_op3'
[TOKEN] type=24, text='*='
[TOKEN] type=25, text='arith_op4'
[TOKEN] type=27, text='\r\n'
[NEWLINE] text='\r\n', current_indent=0, next_indent=0, stack=[0]
[TOKEN] type=27, text='\r\n'
[TOKEN] type=25, text='arith_op4'
[TOKEN] type=24, text='/='
[TOKEN] type=25, text='arith_op5'
[TOKEN] type=27, text='\r\n'
[NEWLINE] text='\r\n', current_indent=0, next_indent=0, stack=[0]
[TOKEN] type=27, text='\r\n'
[TOKEN] type=27, text='\r\n'
[NEWLINE] text='\r\n', current_indent=0, next_indent=0, stack=[0]
[TOKEN] type=27, text='\r\n'
[TOKEN] type=25, text='array1'
[TOKEN] type=1, text='='
[TOKEN] type=6, text='['
[TOKEN] type=16, text='1'
[TOKEN] type=5, text=','
[TOKEN] type=16, text='2'
[TOKEN] type=5, text=','
[TOKEN] type=16, text='3'
[TOKEN] type=5, text=','
[TOKEN] type=16, text='4'
[TOKEN] type=5, text=','
[TOKEN] type=16, text='5'
[TOKEN] type=7, text=']'
[TOKEN] type=27, text='\r\n'
[NEWLINE] text='\r\n', current_indent=0, next_indent=0, stack=[0]
[TOKEN] type=27, text='\r\n'
[TOKEN] type=25, text='array2'
[TOKEN] type=1, text='='
[TOKEN] type=6, text='['
[TOKEN] type=20, text="'a'"
[TOKEN] type=5, text=','
[TOKEN] type=20, text="'b'"
[TOKEN] type=5, text=','
[TOKEN] type=20, text="'c'"
[TOKEN] type=7, text=']'
[TOKEN] type=27, text='\r\n'
[NEWLINE] text='\r\n', current_indent=0, next_indent=0, stack=[0]
[TOKEN] type=27, text='\r\n'
[TOKEN] type=25, text='array3'
[TOKEN] type=1, text='='
[TOKEN] type=6, text='['
[TOKEN] type=16, text='1.6'
[TOKEN] type=5, text=','
[TOKEN] type=16, text='2.7'
[TOKEN] type=5, text=','
[TOKEN] type=16, text='3.8'
[TOKEN] type=5, text=','
[TOKEN] type=16, text='4.9'
[TOKEN] type=5, text=','
[TOKEN] type=16, text='5.0'
[TOKEN] type=7, text=']'
[TOKEN] type=27, text='\r\n'
[NEWLINE] text='\r\n', current_indent=0, next_indent=0, stack=[0]
[TOKEN] type=27, text='\r\n'
[TOKEN] type=27, text='\r\n'
[NEWLINE] text='\r\n', current_indent=0, next_indent=0, stack=[0]
[TOKEN] type=27, text='\r\n'
[TOKEN] type=27, text='\r\n'
[NEWLINE] text='\r\n', current_indent=0, next_indent=0, stack=[0]
[TOKEN] type=27, text='\r\n'
[TOKEN] type=25, text='var1'
[TOKEN] type=1, text='='
[TOKEN] type=16, text='10'
[TOKEN] type=27, text='\r\n'
[NEWLINE] text='\r\n', current_indent=0, next_indent=0, stack=[0]
[TOKEN] type=27, text='\r\n'
[TOKEN] type=25, text='var2'
[TOKEN] type=1, text='='
[TOKEN] type=25, text='var1'
[TOKEN] type=21, text='/'
[TOKEN] type=16, text='2'
[TOKEN] type=22, text='+'
[TOKEN] type=16, text='5'
[TOKEN] type=27, text='\r\n'
[NEWLINE] text='\r\n', current_indent=0, next_indent=0, stack=[0]
[TOKEN] type=27, text='\r\n'
[TOKEN] type=25, text='var3'
[TOKEN] type=1, text='='
[TOKEN] type=25, text='var2'
[TOKEN] type=21, text='%'
[TOKEN] type=16, text='2'
[TOKEN] type=27, text='\r\n'
[NEWLINE] text='\r\n', current_indent=0, next_indent=0, stack=[0]
[TOKEN] type=27, text='\r\n'
[TOKEN] type=25, text='var4'
[TOKEN] type=1, text='='
[TOKEN] type=16, text='1'
[TOKEN] type=27, text='\r\n'
[NEWLINE] text='\r\n', current_indent=0, next_indent=0, stack=[0]
[TOKEN] type=27, text='\r\n'
[TOKEN] type=27, text='\r\n'
[NEWLINE] text='\r\n', current_indent=0, next_indent=0, stack=[0]
[TOKEN] type=27, text='\r\n'
[TOKEN] type=25, text='flag'
[TOKEN] type=1, text='='
[TOKEN] type=19, text='True'
[TOKEN] type=-1, text='<EOF>'
[EOF] Emitting DEDENTs for remaining indent levels, stack=[0]
Tokens pending: []
