Parsing file: python_samples/project_deliverable_2.py
[TOKEN] type=13, text='assign1'
[TOKEN] type=1, text='='
[TOKEN] type=18, text='"20"'
[TOKEN] type=24, text='\r\n'
[NEWLINE] text='\r\n', current_indent=0, next_indent=0, stack=[0]
[TOKEN] type=24, text='\r\n'
[TOKEN] type=13, text='assign2'
[TOKEN] type=1, text='='
[TOKEN] type=14, text='123'
[TOKEN] type=24, text='\r\n'
[NEWLINE] text='\r\n', current_indent=0, next_indent=0, stack=[0]
[TOKEN] type=24, text='\r\n'
[TOKEN] type=13, text='assign3'
[TOKEN] type=1, text='='
[TOKEN] type=14, text='1.23'
[TOKEN] type=24, text='\r\n'
[NEWLINE] text='\r\n', current_indent=0, next_indent=0, stack=[0]
[TOKEN] type=24, text='\r\n'
[TOKEN] type=13, text='assign4'
[TOKEN] type=1, text='='
[TOKEN] type=13, text='assign1'
[TOKEN] type=24, text='\r\n'
[NEWLINE] text='\r\n', current_indent=0, next_indent=0, stack=[0]
[TOKEN] type=24, text='\r\n'
[TOKEN] type=24, text='\r\n'
[NEWLINE] text='\r\n', current_indent=0, next_indent=0, stack=[0]
[TOKEN] type=24, text='\r\n'
[TOKEN] type=13, text='arith_op1'
[TOKEN] type=1, text='='
[TOKEN] type=14, text='1'
[TOKEN] type=20, text='+'
[TOKEN] type=14, text='2'
[TOKEN] type=24, text='\r\n'
[NEWLINE] text='\r\n', current_indent=0, next_indent=0, stack=[0]
[TOKEN] type=24, text='\r\n'
[TOKEN] type=13, text='arith_op2'
[TOKEN] type=1, text='='
[TOKEN] type=14, text='13'
[TOKEN] type=20, text='-'
[TOKEN] type=14, text='3'
[TOKEN] type=24, text='\r\n'
[NEWLINE] text='\r\n', current_indent=0, next_indent=0, stack=[0]
[TOKEN] type=24, text='\r\n'
[TOKEN] type=13, text='arith_op3'
[TOKEN] type=1, text='='
[TOKEN] type=14, text='10'
[TOKEN] type=19, text='/'
[TOKEN] type=13, text='arith_op1'
[TOKEN] type=24, text='\r\n'
[NEWLINE] text='\r\n', current_indent=0, next_indent=0, stack=[0]
[TOKEN] type=24, text='\r\n'
[TOKEN] type=13, text='arith_op4'
[TOKEN] type=1, text='='
[TOKEN] type=14, text='4.2'
[TOKEN] type=19, text='*'
[TOKEN] type=14, text='10'
[TOKEN] type=24, text='\r\n'
[NEWLINE] text='\r\n', current_indent=0, next_indent=0, stack=[0]
[TOKEN] type=24, text='\r\n'
[TOKEN] type=13, text='arith_op5'
[TOKEN] type=1, text='='
[TOKEN] type=13, text='arith_op1'
[TOKEN] type=19, text='%'
[TOKEN] type=13, text='arith_op2'
[TOKEN] type=24, text='\r\n'
[NEWLINE] text='\r\n', current_indent=0, next_indent=0, stack=[0]
[TOKEN] type=24, text='\r\n'
[TOKEN] type=24, text='\r\n'
[NEWLINE] text='\r\n', current_indent=0, next_indent=0, stack=[0]
[TOKEN] type=24, text='\r\n'
[TOKEN] type=13, text='arith_op1'
[TOKEN] type=22, text='+='
[TOKEN] type=13, text='arith_op2'
[TOKEN] type=24, text='\r\n'
[NEWLINE] text='\r\n', current_indent=0, next_indent=0, stack=[0]
[TOKEN] type=24, text='\r\n'
[TOKEN] type=13, text='arith_op2'
[TOKEN] type=22, text='-='
[TOKEN] type=13, text='arith_op3'
[TOKEN] type=24, text='\r\n'
[NEWLINE] text='\r\n', current_indent=0, next_indent=0, stack=[0]
[TOKEN] type=24, text='\r\n'
[TOKEN] type=13, text='arith_op3'
[TOKEN] type=22, text='*='
[TOKEN] type=13, text='arith_op4'
[TOKEN] type=24, text='\r\n'
[NEWLINE] text='\r\n', current_indent=0, next_indent=0, stack=[0]
[TOKEN] type=24, text='\r\n'
[TOKEN] type=13, text='arith_op4'
[TOKEN] type=22, text='/='
[TOKEN] type=13, text='arith_op5'
[TOKEN] type=24, text='\r\n'
[NEWLINE] text='\r\n', current_indent=0, next_indent=0, stack=[0]
[TOKEN] type=24, text='\r\n'
[TOKEN] type=24, text='\r\n'
[NEWLINE] text='\r\n', current_indent=0, next_indent=0, stack=[0]
[TOKEN] type=24, text='\r\n'
[TOKEN] type=13, text='array1'
[TOKEN] type=1, text='='
[TOKEN] type=6, text='['
[TOKEN] type=14, text='1'
[TOKEN] type=5, text=','
[TOKEN] type=14, text='2'
[TOKEN] type=5, text=','
[TOKEN] type=14, text='3'
[TOKEN] type=5, text=','
[TOKEN] type=14, text='4'
[TOKEN] type=5, text=','
[TOKEN] type=14, text='5'
[TOKEN] type=7, text=']'
[TOKEN] type=24, text='\r\n'
[NEWLINE] text='\r\n', current_indent=0, next_indent=0, stack=[0]
[TOKEN] type=24, text='\r\n'
[TOKEN] type=13, text='array2'
[TOKEN] type=1, text='='
[TOKEN] type=6, text='['
[TOKEN] type=18, text="'a'"
[TOKEN] type=5, text=','
[TOKEN] type=18, text="'b'"
[TOKEN] type=5, text=','
[TOKEN] type=18, text="'c'"
[TOKEN] type=7, text=']'
[TOKEN] type=24, text='\r\n'
[NEWLINE] text='\r\n', current_indent=0, next_indent=0, stack=[0]
[TOKEN] type=24, text='\r\n'
[TOKEN] type=13, text='array3'
[TOKEN] type=1, text='='
[TOKEN] type=6, text='['
[TOKEN] type=14, text='1.6'
[TOKEN] type=5, text=','
[TOKEN] type=14, text='2.7'
[TOKEN] type=5, text=','
[TOKEN] type=14, text='3.8'
[TOKEN] type=5, text=','
[TOKEN] type=14, text='4.9'
[TOKEN] type=5, text=','
[TOKEN] type=14, text='5.0'
[TOKEN] type=7, text=']'
[TOKEN] type=24, text='\r\n'
[NEWLINE] text='\r\n', current_indent=0, next_indent=0, stack=[0]
[TOKEN] type=24, text='\r\n'
[TOKEN] type=24, text='\r\n'
[NEWLINE] text='\r\n', current_indent=0, next_indent=0, stack=[0]
[TOKEN] type=24, text='\r\n'
[TOKEN] type=13, text='var1'
[TOKEN] type=1, text='='
[TOKEN] type=14, text='10'
[TOKEN] type=24, text='\r\n'
[NEWLINE] text='\r\n', current_indent=0, next_indent=0, stack=[0]
[TOKEN] type=24, text='\r\n'
[TOKEN] type=13, text='var2'
[TOKEN] type=1, text='='
[TOKEN] type=13, text='var1'
[TOKEN] type=19, text='/'
[TOKEN] type=14, text='2'
[TOKEN] type=20, text='+'
[TOKEN] type=14, text='5'
[TOKEN] type=24, text='\r\n'
[NEWLINE] text='\r\n', current_indent=0, next_indent=0, stack=[0]
[TOKEN] type=24, text='\r\n'
[TOKEN] type=13, text='var3'
[TOKEN] type=1, text='='
[TOKEN] type=13, text='var2'
[TOKEN] type=19, text='%'
[TOKEN] type=14, text='2'
[TOKEN] type=24, text='\r\n'
[NEWLINE] text='\r\n', current_indent=0, next_indent=0, stack=[0]
[TOKEN] type=24, text='\r\n'
[TOKEN] type=13, text='var4'
[TOKEN] type=1, text='='
[TOKEN] type=14, text='1'
[TOKEN] type=24, text='\r\n'
[NEWLINE] text='\r\n', current_indent=0, next_indent=0, stack=[0]
[TOKEN] type=24, text='\r\n'
[TOKEN] type=24, text='\r\n'
[NEWLINE] text='\r\n', current_indent=0, next_indent=0, stack=[0]
[TOKEN] type=24, text='\r\n'
[TOKEN] type=13, text='flag'
[TOKEN] type=1, text='='
[TOKEN] type=13, text='True'
[TOKEN] type=24, text='\r\n'
[NEWLINE] text='\r\n', current_indent=0, next_indent=0, stack=[0]
[TOKEN] type=24, text='\r\n'
[TOKEN] type=24, text='\r\n'
[NEWLINE] text='\r\n', current_indent=0, next_indent=0, stack=[0]
[TOKEN] type=24, text='\r\n'
[TOKEN] type=13, text='assign1'
[TOKEN] type=1, text='='
[TOKEN] type=18, text='""'
[TOKEN] type=24, text='\r\n'
[NEWLINE] text='\r\n', current_indent=0, next_indent=0, stack=[0]
[TOKEN] type=24, text='\r\n'
[TOKEN] type=24, text='\r\n'
[NEWLINE] text='\r\n', current_indent=0, next_indent=0, stack=[0]
[TOKEN] type=24, text='\r\n'
[TOKEN] type=10, text='if'
[TOKEN] type=13, text='var1'
[TOKEN] type=21, text='>'
[TOKEN] type=13, text='var2'
[TOKEN] type=2, text=':'
[TOKEN] type=24, text='\r\n'
[NEWLINE] text='\r\n', current_indent=0, next_indent=4, stack=[0]
[INDENT] New indent level: 4, stack=[0, 4]
Tokens pending: [26]
Returning pending token: [26]
[TOKEN] type=13, text='arith_op1'
[TOKEN] type=1, text='='
[TOKEN] type=14, text='1'
[TOKEN] type=20, text='+'
[TOKEN] type=14, text='2'
[TOKEN] type=24, text='\r\n'
[NEWLINE] text='\r\n', current_indent=4, next_indent=4, stack=[0, 4]
[TOKEN] type=24, text='\r\n'
[TOKEN] type=13, text='assign1'
[TOKEN] type=1, text='='
[TOKEN] type=18, text='"text data"'
[TOKEN] type=24, text='\r\n'
[NEWLINE] text='\r\n', current_indent=4, next_indent=0, stack=[0, 4]
[DEDENT] New indent level: 0, stack=[0]
Tokens pending: [27]
Returning pending token: [27]
[TOKEN] type=24, text='\r\n'
[NEWLINE] text='\r\n', current_indent=0, next_indent=0, stack=[0]
[TOKEN] type=24, text='\r\n'
[TOKEN] type=10, text='if'
[TOKEN] type=13, text='var1'
[TOKEN] type=21, text='<='
[TOKEN] type=13, text='var2'
[TOKEN] type=13, text='and'
[TOKEN] type=13, text='var3'
[TOKEN] type=21, text='=='
[TOKEN] type=13, text='var4'
[TOKEN] type=2, text=':'
[TOKEN] type=24, text='\r\n'
[NEWLINE] text='\r\n', current_indent=0, next_indent=4, stack=[0]
[INDENT] New indent level: 4, stack=[0, 4]
Tokens pending: [26]
Returning pending token: [26]
[TOKEN] type=13, text='arith_op1'
[TOKEN] type=1, text='='
[TOKEN] type=14, text='1'
[TOKEN] type=20, text='+'line 34:16 no viable alternative at input 'ifvar1<=var2and'

[TOKEN] type=14, text='2'
[TOKEN] type=24, text='\r\n'
[NEWLINE] text='\r\n', current_indent=4, next_indent=4, stack=[0, 4]
[TOKEN] type=24, text='\r\n'
[TOKEN] type=13, text='assign1'
[TOKEN] type=1, text='='
[TOKEN] type=18, text='"text data"'
[TOKEN] type=24, text='\r\n'
[NEWLINE] text='\r\n', current_indent=4, next_indent=0, stack=[0, 4]
[DEDENT] New indent level: 0, stack=[0]
Tokens pending: [27]
Returning pending token: [27]
[TOKEN] type=12, text='else'
[TOKEN] type=2, text=':'
[TOKEN] type=24, text='\r\n'
[NEWLINE] text='\r\n', current_indent=0, next_indent=4, stack=[0]
[INDENT] New indent level: 4, stack=[0, 4]
Tokens pending: [26]
Returning pending token: [26]
[TOKEN] type=13, text='arith_op4'
[TOKEN] type=1, text='='
[TOKEN] type=14, text='4.2'
[TOKEN] type=19, text='*'
[TOKEN] type=14, text='10'
[TOKEN] type=24, text='\r\n'
[NEWLINE] text='\r\n', current_indent=4, next_indent=4, stack=[0, 4]
[TOKEN] type=24, text='\r\n'
[TOKEN] type=13, text='arith_op3'
[TOKEN] type=22, text='*='
[TOKEN] type=13, text='arith_op4'
[TOKEN] type=24, text='\r\n'
[NEWLINE] text='\r\n', current_indent=4, next_indent=0, stack=[0, 4]
[DEDENT] New indent level: 0, stack=[0]
Tokens pending: [27]
Returning pending token: [27]
[TOKEN] type=24, text='\r\n'
[NEWLINE] text='\r\n', current_indent=0, next_indent=0, stack=[0]
[TOKEN] type=24, text='\r\n'
[TOKEN] type=13, text='data'
[TOKEN] type=1, text='='
[TOKEN] type=14, text='0'
[TOKEN] type=24, text='\r\n'
[NEWLINE] text='\r\n', current_indent=0, next_indent=0, stack=[0]
[TOKEN] type=24, text='\r\n'
[TOKEN] type=24, text='\r\n'
[NEWLINE] text='\r\n', current_indent=0, next_indent=0, stack=[0]
[TOKEN] type=24, text='\r\n'
[TOKEN] type=10, text='if'
[TOKEN] type=13, text='var1'
[TOKEN] type=21, text='!='
[TOKEN] type=13, text='var2'
[TOKEN] type=13, text='or'
[TOKEN] type=13, text='var3'
[TOKEN] type=21, text='>='
[TOKEN] type=13, text='var4'
[TOKEN] type=2, text=':'
[TOKEN] type=24, text='\r\n'
[NEWLINE] text='\r\n', current_indent=0, next_indent=4, stack=[0]
[INDENT] New indent level: 4, stack=[0, 4]
Tokens pending: [26]
Returning pending token: [26]
[TOKEN] type=13, text='flag'
[TOKEN] type=1, text='='
[TOKEN] type=13, text='True'
[TOKEN] type=24, text='\r\n'
[NEWLINE] text='\r\n', current_indent=4, next_indent=0, stack=[0, 4]
[DEDENT] New indent level: 0, stack=[0]
Tokens pending: [27]
Returning pending token: [27]
[TOKEN] type=11, text='elif'
[TOKEN] type=3, text='('
[TOKEN] type=13, text='not'
[TOKEN] type=13, text='flag'
[TOKEN] type=4, text=')'
[TOKEN] type=13, text='and'
[TOKEN] type=13, text='var3'
[TOKEN] type=21, text='>'
[TOKEN] type=14, text='10'
[TOKEN] type=2, text=':'
[TOKEN] type=24, text='\r\n'
[NEWLINE] text='\r\n', current_indent=0, next_indent=4, stack=[0]
[INDENT] New indent level: 4, stack=[0, 4]
Tokens pending: [26]
Returning pending token: [26]
[TOKEN] type=13, text='flag'
[TOKEN] type=1, text='='
[TOKEN] type=13, text='False'
[TOKEN] type=24, text='\r\n'
[NEWLINE] text='\r\n', current_indent=4, next_indent=0, stack=[0, 4]
[DEDENT] New indent level: 0, stack=[0]
Tokens pending: [27]
Returning pending token: [27]
[TOKEN] type=12, text='else'
[TOKEN] type=2, text=':'
[TOKEN] type=24, text='\r\n'
[NEWLINE] text='\r\n', current_indent=0, next_indent=4, stack=[0]
[INDENT] New indent level: 4, stack=[0, 4]
Tokens pending: [26]
Returning pending token: [26]
[TOKEN] type=13, text='data'
[TOKEN] type=1, text='='
[TOKEN] type=14, text='-1'
[TOKEN] type=-1, text='<EOF>'
