====================================================================================
[RUN] Starting parser generation
[RUN] Parser generated.
====================================================================================
[RUN] Testing against python_samples/project_deliverable_1.py
Parsing file: python_samples/project_deliverable_1.py
[TOKEN] type=25, text='assign1'
[TOKEN] type=1, text='='
[TOKEN] type=20, text='"20"'
[TOKEN] type=27, text='\r\n'
[NEWLINE] text='\r\n', current_indent=0, next_indent=0, stack=[0]
[TOKEN] type=27, text='\r\n'
[TOKEN] type=25, text='assign2'
[TOKEN] type=1, text='='
[TOKEN] type=16, text='123'
[TOKEN] type=27, text='\r\n'
[NEWLINE] text='\r\n', current_indent=0, next_indent=0, stack=[0]
[TOKEN] type=27, text='\r\n'
[TOKEN] type=25, text='assign3'
[TOKEN] type=1, text='='
[TOKEN] type=16, text='1.23'
[TOKEN] type=27, text='\r\n'
[NEWLINE] text='\r\n', current_indent=0, next_indent=0, stack=[0]
[TOKEN] type=27, text='\r\n'
[TOKEN] type=25, text='assign4'
[TOKEN] type=1, text='='
[TOKEN] type=25, text='assign1'
[TOKEN] type=27, text='\r\n'
[NEWLINE] text='\r\n', current_indent=0, next_indent=0, stack=[0]
[TOKEN] type=27, text='\r\n'
[TOKEN] type=27, text='\r\n'
[NEWLINE] text='\r\n', current_indent=0, next_indent=0, stack=[0]
[TOKEN] type=27, text='\r\n'
[TOKEN] type=25, text='arith_op1'
[TOKEN] type=1, text='='
[TOKEN] type=16, text='1'
[TOKEN] type=22, text='+'
[TOKEN] type=16, text='2'
[TOKEN] type=27, text='\r\n'
[NEWLINE] text='\r\n', current_indent=0, next_indent=0, stack=[0]
[TOKEN] type=27, text='\r\n'
[TOKEN] type=25, text='arith_op2'
[TOKEN] type=1, text='='
[TOKEN] type=16, text='13'
[TOKEN] type=22, text='-'
[TOKEN] type=16, text='3'
[TOKEN] type=27, text='\r\n'
[NEWLINE] text='\r\n', current_indent=0, next_indent=0, stack=[0]
[TOKEN] type=27, text='\r\n'
[TOKEN] type=25, text='arith_op3'
[TOKEN] type=1, text='='
[TOKEN] type=16, text='10'
[TOKEN] type=21, text='/'
[TOKEN] type=25, text='arith_op1'
[TOKEN] type=27, text='\r\n'
[NEWLINE] text='\r\n', current_indent=0, next_indent=0, stack=[0]
[TOKEN] type=27, text='\r\n'
[TOKEN] type=25, text='arith_op4'
[TOKEN] type=1, text='='
[TOKEN] type=16, text='4.2'
[TOKEN] type=21, text='*'
[TOKEN] type=16, text='10'
[TOKEN] type=27, text='\r\n'
[NEWLINE] text='\r\n', current_indent=0, next_indent=0, stack=[0]
[TOKEN] type=27, text='\r\n'
[TOKEN] type=25, text='arith_op5'
[TOKEN] type=1, text='='
[TOKEN] type=25, text='arith_op1'
[TOKEN] type=21, text='%'
[TOKEN] type=25, text='arith_op2'
[TOKEN] type=27, text='\r\n'
[NEWLINE] text='\r\n', current_indent=0, next_indent=0, stack=[0]
[TOKEN] type=27, text='\r\n'
[TOKEN] type=27, text='\r\n'
[NEWLINE] text='\r\n', current_indent=0, next_indent=0, stack=[0]
[TOKEN] type=27, text='\r\n'
[TOKEN] type=25, text='arith_op1'
[TOKEN] type=24, text='+='
[TOKEN] type=25, text='arith_op2'
[TOKEN] type=27, text='\r\n'
[NEWLINE] text='\r\n', current_indent=0, next_indent=0, stack=[0]
[TOKEN] type=27, text='\r\n'
[TOKEN] type=25, text='arith_op2'
[TOKEN] type=24, text='-='
[TOKEN] type=25, text='arith_op3'
[TOKEN] type=27, text='\r\n'
[NEWLINE] text='\r\n', current_indent=0, next_indent=0, stack=[0]
[TOKEN] type=27, text='\r\n'
[TOKEN] type=25, text='arith_op3'
[TOKEN] type=24, text='*='
[TOKEN] type=25, text='arith_op4'
[TOKEN] type=27, text='\r\n'
[NEWLINE] text='\r\n', current_indent=0, next_indent=0, stack=[0]
[TOKEN] type=27, text='\r\n'
[TOKEN] type=25, text='arith_op4'
[TOKEN] type=24, text='/='
[TOKEN] type=25, text='arith_op5'
[TOKEN] type=27, text='\r\n'
[NEWLINE] text='\r\n', current_indent=0, next_indent=0, stack=[0]
[TOKEN] type=27, text='\r\n'
[TOKEN] type=27, text='\r\n'
[NEWLINE] text='\r\n', current_indent=0, next_indent=0, stack=[0]
[TOKEN] type=27, text='\r\n'
[TOKEN] type=25, text='array1'
[TOKEN] type=1, text='='
[TOKEN] type=6, text='['
[TOKEN] type=16, text='1'
[TOKEN] type=5, text=','
[TOKEN] type=16, text='2'
[TOKEN] type=5, text=','
[TOKEN] type=16, text='3'
[TOKEN] type=5, text=','
[TOKEN] type=16, text='4'
[TOKEN] type=5, text=','
[TOKEN] type=16, text='5'
[TOKEN] type=7, text=']'
[TOKEN] type=27, text='\r\n'
[NEWLINE] text='\r\n', current_indent=0, next_indent=0, stack=[0]
[TOKEN] type=27, text='\r\n'
[TOKEN] type=25, text='array2'
[TOKEN] type=1, text='='
[TOKEN] type=6, text='['
[TOKEN] type=20, text="'a'"
[TOKEN] type=5, text=','
[TOKEN] type=20, text="'b'"
[TOKEN] type=5, text=','
[TOKEN] type=20, text="'c'"
[TOKEN] type=7, text=']'
[TOKEN] type=27, text='\r\n'
[NEWLINE] text='\r\n', current_indent=0, next_indent=0, stack=[0]
[TOKEN] type=27, text='\r\n'
[TOKEN] type=25, text='array3'
[TOKEN] type=1, text='='
[TOKEN] type=6, text='['
[TOKEN] type=16, text='1.6'
[TOKEN] type=5, text=','
[TOKEN] type=16, text='2.7'
[TOKEN] type=5, text=','
[TOKEN] type=16, text='3.8'
[TOKEN] type=5, text=','
[TOKEN] type=16, text='4.9'
[TOKEN] type=5, text=','
[TOKEN] type=16, text='5.0'
[TOKEN] type=7, text=']'
[TOKEN] type=27, text='\r\n'
[NEWLINE] text='\r\n', current_indent=0, next_indent=0, stack=[0]
[TOKEN] type=27, text='\r\n'
[TOKEN] type=27, text='\r\n'
[NEWLINE] text='\r\n', current_indent=0, next_indent=0, stack=[0]
[TOKEN] type=27, text='\r\n'
[TOKEN] type=27, text='\r\n'
[NEWLINE] text='\r\n', current_indent=0, next_indent=0, stack=[0]
[TOKEN] type=27, text='\r\n'
[TOKEN] type=25, text='var1'
[TOKEN] type=1, text='='
[TOKEN] type=16, text='10'
[TOKEN] type=27, text='\r\n'
[NEWLINE] text='\r\n', current_indent=0, next_indent=0, stack=[0]
[TOKEN] type=27, text='\r\n'
[TOKEN] type=25, text='var2'
[TOKEN] type=1, text='='
[TOKEN] type=25, text='var1'
[TOKEN] type=21, text='/'
[TOKEN] type=16, text='2'
[TOKEN] type=22, text='+'
[TOKEN] type=16, text='5'
[TOKEN] type=27, text='\r\n'
[NEWLINE] text='\r\n', current_indent=0, next_indent=0, stack=[0]
[TOKEN] type=27, text='\r\n'
[TOKEN] type=25, text='var3'
[TOKEN] type=1, text='='
[TOKEN] type=25, text='var2'
[TOKEN] type=21, text='%'
[TOKEN] type=16, text='2'
[TOKEN] type=27, text='\r\n'
[NEWLINE] text='\r\n', current_indent=0, next_indent=0, stack=[0]
[TOKEN] type=27, text='\r\n'
[TOKEN] type=25, text='var4'
[TOKEN] type=1, text='='
[TOKEN] type=16, text='1'
[TOKEN] type=27, text='\r\n'
[NEWLINE] text='\r\n', current_indent=0, next_indent=0, stack=[0]
[TOKEN] type=27, text='\r\n'
[TOKEN] type=27, text='\r\n'
[NEWLINE] text='\r\n', current_indent=0, next_indent=0, stack=[0]
[TOKEN] type=27, text='\r\n'
[TOKEN] type=25, text='flag'
[TOKEN] type=1, text='='
[TOKEN] type=19, text='True'
[TOKEN] type=-1, text='<EOF>'
[EOF] Emitting DEDENTs for remaining indent levels, stack=[0]
Tokens pending: []
[RUN] Done testing against python_samples/project_deliverable_1.py
====================================================================================
[RUN] Testing against python_samples/project_deliverable_2.py
Parsing file: python_samples/project_deliverable_2.py
[TOKEN] type=25, text='assign1'
[TOKEN] type=1, text='='
[TOKEN] type=20, text='"20"'
[TOKEN] type=27, text='\r\n'
[NEWLINE] text='\r\n', current_indent=0, next_indent=0, stack=[0]
[TOKEN] type=27, text='\r\n'
[TOKEN] type=25, text='assign2'
[TOKEN] type=1, text='='
[TOKEN] type=16, text='123'
[TOKEN] type=27, text='\r\n'
[NEWLINE] text='\r\n', current_indent=0, next_indent=0, stack=[0]
[TOKEN] type=27, text='\r\n'
[TOKEN] type=25, text='assign3'
[TOKEN] type=1, text='='
[TOKEN] type=16, text='1.23'
[TOKEN] type=27, text='\r\n'
[NEWLINE] text='\r\n', current_indent=0, next_indent=0, stack=[0]
[TOKEN] type=27, text='\r\n'
[TOKEN] type=25, text='assign4'
[TOKEN] type=1, text='='
[TOKEN] type=25, text='assign1'
[TOKEN] type=27, text='\r\n'
[NEWLINE] text='\r\n', current_indent=0, next_indent=0, stack=[0]
[TOKEN] type=27, text='\r\n'
[TOKEN] type=27, text='\r\n'
[NEWLINE] text='\r\n', current_indent=0, next_indent=0, stack=[0]
[TOKEN] type=27, text='\r\n'
[TOKEN] type=25, text='arith_op1'
[TOKEN] type=1, text='='
[TOKEN] type=16, text='1'
[TOKEN] type=22, text='+'
[TOKEN] type=16, text='2'
[TOKEN] type=27, text='\r\n'
[NEWLINE] text='\r\n', current_indent=0, next_indent=0, stack=[0]
[TOKEN] type=27, text='\r\n'
[TOKEN] type=25, text='arith_op2'
[TOKEN] type=1, text='='
[TOKEN] type=16, text='13'
[TOKEN] type=22, text='-'
[TOKEN] type=16, text='3'
[TOKEN] type=27, text='\r\n'
[NEWLINE] text='\r\n', current_indent=0, next_indent=0, stack=[0]
[TOKEN] type=27, text='\r\n'
[TOKEN] type=25, text='arith_op3'
[TOKEN] type=1, text='='
[TOKEN] type=16, text='10'
[TOKEN] type=21, text='/'
[TOKEN] type=25, text='arith_op1'
[TOKEN] type=27, text='\r\n'
[NEWLINE] text='\r\n', current_indent=0, next_indent=0, stack=[0]
[TOKEN] type=27, text='\r\n'
[TOKEN] type=25, text='arith_op4'
[TOKEN] type=1, text='='
[TOKEN] type=16, text='4.2'
[TOKEN] type=21, text='*'
[TOKEN] type=16, text='10'
[TOKEN] type=27, text='\r\n'
[NEWLINE] text='\r\n', current_indent=0, next_indent=0, stack=[0]
[TOKEN] type=27, text='\r\n'
[TOKEN] type=25, text='arith_op5'
[TOKEN] type=1, text='='
[TOKEN] type=25, text='arith_op1'
[TOKEN] type=21, text='%'
[TOKEN] type=25, text='arith_op2'
[TOKEN] type=27, text='\r\n'
[NEWLINE] text='\r\n', current_indent=0, next_indent=0, stack=[0]
[TOKEN] type=27, text='\r\n'
[TOKEN] type=27, text='\r\n'
[NEWLINE] text='\r\n', current_indent=0, next_indent=0, stack=[0]
[TOKEN] type=27, text='\r\n'
[TOKEN] type=25, text='arith_op1'
[TOKEN] type=24, text='+='
[TOKEN] type=25, text='arith_op2'
[TOKEN] type=27, text='\r\n'
[NEWLINE] text='\r\n', current_indent=0, next_indent=0, stack=[0]
[TOKEN] type=27, text='\r\n'
[TOKEN] type=25, text='arith_op2'
[TOKEN] type=24, text='-='
[TOKEN] type=25, text='arith_op3'
[TOKEN] type=27, text='\r\n'
[NEWLINE] text='\r\n', current_indent=0, next_indent=0, stack=[0]
[TOKEN] type=27, text='\r\n'
[TOKEN] type=25, text='arith_op3'
[TOKEN] type=24, text='*='
[TOKEN] type=25, text='arith_op4'
[TOKEN] type=27, text='\r\n'
[NEWLINE] text='\r\n', current_indent=0, next_indent=0, stack=[0]
[TOKEN] type=27, text='\r\n'
[TOKEN] type=25, text='arith_op4'
[TOKEN] type=24, text='/='
[TOKEN] type=25, text='arith_op5'
[TOKEN] type=27, text='\r\n'
[NEWLINE] text='\r\n', current_indent=0, next_indent=0, stack=[0]
[TOKEN] type=27, text='\r\n'
[TOKEN] type=27, text='\r\n'
[NEWLINE] text='\r\n', current_indent=0, next_indent=0, stack=[0]
[TOKEN] type=27, text='\r\n'
[TOKEN] type=25, text='array1'
[TOKEN] type=1, text='='
[TOKEN] type=6, text='['
[TOKEN] type=16, text='1'
[TOKEN] type=5, text=','
[TOKEN] type=16, text='2'
[TOKEN] type=5, text=','
[TOKEN] type=16, text='3'
[TOKEN] type=5, text=','
[TOKEN] type=16, text='4'
[TOKEN] type=5, text=','
[TOKEN] type=16, text='5'
[TOKEN] type=7, text=']'
[TOKEN] type=27, text='\r\n'
[NEWLINE] text='\r\n', current_indent=0, next_indent=0, stack=[0]
[TOKEN] type=27, text='\r\n'
[TOKEN] type=25, text='array2'
[TOKEN] type=1, text='='
[TOKEN] type=6, text='['
[TOKEN] type=20, text="'a'"
[TOKEN] type=5, text=','
[TOKEN] type=20, text="'b'"
[TOKEN] type=5, text=','
[TOKEN] type=20, text="'c'"
[TOKEN] type=7, text=']'
[TOKEN] type=27, text='\r\n'
[NEWLINE] text='\r\n', current_indent=0, next_indent=0, stack=[0]
[TOKEN] type=27, text='\r\n'
[TOKEN] type=25, text='array3'
[TOKEN] type=1, text='='
[TOKEN] type=6, text='['
[TOKEN] type=16, text='1.6'
[TOKEN] type=5, text=','
[TOKEN] type=16, text='2.7'
[TOKEN] type=5, text=','
[TOKEN] type=16, text='3.8'
[TOKEN] type=5, text=','
[TOKEN] type=16, text='4.9'
[TOKEN] type=5, text=','
[TOKEN] type=16, text='5.0'
[TOKEN] type=7, text=']'
[TOKEN] type=27, text='\r\n'
[NEWLINE] text='\r\n', current_indent=0, next_indent=0, stack=[0]
[TOKEN] type=27, text='\r\n'
[TOKEN] type=27, text='\r\n'
[NEWLINE] text='\r\n', current_indent=0, next_indent=0, stack=[0]
[TOKEN] type=27, text='\r\n'
[TOKEN] type=25, text='var1'
[TOKEN] type=1, text='='
[TOKEN] type=16, text='10'
[TOKEN] type=27, text='\r\n'
[NEWLINE] text='\r\n', current_indent=0, next_indent=0, stack=[0]
[TOKEN] type=27, text='\r\n'
[TOKEN] type=25, text='var2'
[TOKEN] type=1, text='='
[TOKEN] type=25, text='var1'
[TOKEN] type=21, text='/'
[TOKEN] type=16, text='2'
[TOKEN] type=22, text='+'
[TOKEN] type=16, text='5'
[TOKEN] type=27, text='\r\n'
[NEWLINE] text='\r\n', current_indent=0, next_indent=0, stack=[0]
[TOKEN] type=27, text='\r\n'
[TOKEN] type=25, text='var3'
[TOKEN] type=1, text='='
[TOKEN] type=25, text='var2'
[TOKEN] type=21, text='%'
[TOKEN] type=16, text='2'
[TOKEN] type=27, text='\r\n'
[NEWLINE] text='\r\n', current_indent=0, next_indent=0, stack=[0]
[TOKEN] type=27, text='\r\n'
[TOKEN] type=25, text='var4'
[TOKEN] type=1, text='='
[TOKEN] type=16, text='1'
[TOKEN] type=27, text='\r\n'
[NEWLINE] text='\r\n', current_indent=0, next_indent=0, stack=[0]
[TOKEN] type=27, text='\r\n'
[TOKEN] type=27, text='\r\n'
[NEWLINE] text='\r\n', current_indent=0, next_indent=0, stack=[0]
[TOKEN] type=27, text='\r\n'
[TOKEN] type=25, text='flag'
[TOKEN] type=1, text='='
[TOKEN] type=19, text='True'
[TOKEN] type=27, text='\r\n'
[NEWLINE] text='\r\n', current_indent=0, next_indent=0, stack=[0]
[TOKEN] type=27, text='\r\n'
[TOKEN] type=27, text='\r\n'
[NEWLINE] text='\r\n', current_indent=0, next_indent=0, stack=[0]
[TOKEN] type=27, text='\r\n'
[TOKEN] type=25, text='assign1'
[TOKEN] type=1, text='='
[TOKEN] type=20, text='""'
[TOKEN] type=27, text='\r\n'
[NEWLINE] text='\r\n', current_indent=0, next_indent=0, stack=[0]
[TOKEN] type=27, text='\r\n'
[TOKEN] type=27, text='\r\n'
[NEWLINE] text='\r\n', current_indent=0, next_indent=0, stack=[0]
[TOKEN] type=27, text='\r\n'
[TOKEN] type=10, text='if'
[TOKEN] type=25, text='var1'
[TOKEN] type=23, text='>'
[TOKEN] type=25, text='var2'
[TOKEN] type=2, text=':'
[TOKEN] type=27, text='\r\n'
[NEWLINE] text='\r\n', current_indent=0, next_indent=4, stack=[0]
[INDENT] New indent level: 4, stack=[0, 4]
Tokens pending: [29]
Returning pending token: [29]
[TOKEN] type=25, text='arith_op1'
[TOKEN] type=1, text='='
[TOKEN] type=16, text='1'
[TOKEN] type=22, text='+'
[TOKEN] type=16, text='2'
[TOKEN] type=27, text='\r\n'
[NEWLINE] text='\r\n', current_indent=4, next_indent=4, stack=[0, 4]
[TOKEN] type=27, text='\r\n'
[TOKEN] type=25, text='assign1'
[TOKEN] type=1, text='='
[TOKEN] type=20, text='"text data"'
[TOKEN] type=27, text='\r\n'
[NEWLINE] text='\r\n', current_indent=4, next_indent=0, stack=[0, 4]
[DEDENT] New indent level: 0, stack=[0]
Tokens pending: [30]
Returning pending token: [30]
[TOKEN] type=27, text='\r\n'
[NEWLINE] text='\r\n', current_indent=0, next_indent=0, stack=[0]
[TOKEN] type=27, text='\r\n'
[TOKEN] type=10, text='if'
[TOKEN] type=25, text='var1'
[TOKEN] type=23, text='<='
[TOKEN] type=25, text='var2'
[TOKEN] type=13, text='and'
[TOKEN] type=25, text='var3'
[TOKEN] type=23, text='=='
[TOKEN] type=25, text='var4'
[TOKEN] type=2, text=':'
[TOKEN] type=27, text='\r\n'
[NEWLINE] text='\r\n', current_indent=0, next_indent=4, stack=[0]
[INDENT] New indent level: 4, stack=[0, 4]
Tokens pending: [29]
Returning pending token: [29]
[TOKEN] type=25, text='arith_op1'
[TOKEN] type=1, text='='
[TOKEN] type=16, text='1'
[TOKEN] type=22, text='+'
[TOKEN] type=16, text='2'
[TOKEN] type=27, text='\r\n'
[NEWLINE] text='\r\n', current_indent=4, next_indent=4, stack=[0, 4]
[TOKEN] type=27, text='\r\n'
[TOKEN] type=25, text='assign1'
[TOKEN] type=1, text='='
[TOKEN] type=20, text='"text data"'
[TOKEN] type=27, text='\r\n'
[NEWLINE] text='\r\n', current_indent=4, next_indent=0, stack=[0, 4]
[DEDENT] New indent level: 0, stack=[0]
Tokens pending: [30]
Returning pending token: [30]
[TOKEN] type=12, text='else'
[TOKEN] type=2, text=':'
[TOKEN] type=27, text='\r\n'
[NEWLINE] text='\r\n', current_indent=0, next_indent=4, stack=[0]
[INDENT] New indent level: 4, stack=[0, 4]
Tokens pending: [29]
Returning pending token: [29]
[TOKEN] type=25, text='arith_op4'
[TOKEN] type=1, text='='
[TOKEN] type=16, text='4.2'
[TOKEN] type=21, text='*'
[TOKEN] type=16, text='10'
[TOKEN] type=27, text='\r\n'
[NEWLINE] text='\r\n', current_indent=4, next_indent=4, stack=[0, 4]
[TOKEN] type=27, text='\r\n'
[TOKEN] type=25, text='arith_op3'
[TOKEN] type=24, text='*='
[TOKEN] type=25, text='arith_op4'
[TOKEN] type=27, text='\r\n'
[NEWLINE] text='\r\n', current_indent=4, next_indent=0, stack=[0, 4]
[DEDENT] New indent level: 0, stack=[0]
Tokens pending: [30]
Returning pending token: [30]
[TOKEN] type=27, text='\r\n'
[NEWLINE] text='\r\n', current_indent=0, next_indent=0, stack=[0]
[TOKEN] type=27, text='\r\n'
[TOKEN] type=25, text='data'
[TOKEN] type=1, text='='
[TOKEN] type=16, text='0'
[TOKEN] type=27, text='\r\n'
[NEWLINE] text='\r\n', current_indent=0, next_indent=0, stack=[0]
[TOKEN] type=27, text='\r\n'
[TOKEN] type=27, text='\r\n'
[NEWLINE] text='\r\n', current_indent=0, next_indent=0, stack=[0]
[TOKEN] type=27, text='\r\n'
[TOKEN] type=10, text='if'
[TOKEN] type=25, text='var1'
[TOKEN] type=23, text='!='
[TOKEN] type=25, text='var2'
[TOKEN] type=14, text='or'
[TOKEN] type=25, text='var3'
[TOKEN] type=23, text='>='
[TOKEN] type=25, text='var4'
[TOKEN] type=2, text=':'
[TOKEN] type=27, text='\r\n'
[NEWLINE] text='\r\n', current_indent=0, next_indent=4, stack=[0]
[INDENT] New indent level: 4, stack=[0, 4]
Tokens pending: [29]
Returning pending token: [29]
[TOKEN] type=25, text='flag'
[TOKEN] type=1, text='='
[TOKEN] type=19, text='True'
[TOKEN] type=27, text='\r\n'
[NEWLINE] text='\r\n', current_indent=4, next_indent=0, stack=[0, 4]
[DEDENT] New indent level: 0, stack=[0]
Tokens pending: [30]
Returning pending token: [30]
[TOKEN] type=11, text='elif'
[TOKEN] type=3, text='('
[TOKEN] type=15, text='not'
[TOKEN] type=25, text='flag'
[TOKEN] type=4, text=')'
[TOKEN] type=13, text='and'
[TOKEN] type=25, text='var3'
[TOKEN] type=23, text='>'
[TOKEN] type=16, text='10'
[TOKEN] type=2, text=':'
[TOKEN] type=27, text='\r\n'
[NEWLINE] text='\r\n', current_indent=0, next_indent=4, stack=[0]
[INDENT] New indent level: 4, stack=[0, 4]
Tokens pending: [29]
Returning pending token: [29]
[TOKEN] type=25, text='flag'
[TOKEN] type=1, text='='
[TOKEN] type=19, text='False'
[TOKEN] type=27, text='\r\n'
[NEWLINE] text='\r\n', current_indent=4, next_indent=0, stack=[0, 4]
[DEDENT] New indent level: 0, stack=[0]
Tokens pending: [30]
Returning pending token: [30]
[TOKEN] type=12, text='else'
[TOKEN] type=2, text=':'
[TOKEN] type=27, text='\r\n'
[NEWLINE] text='\r\n', current_indent=0, next_indent=4, stack=[0]
[INDENT] New indent level: 4, stack=[0, 4]
Tokens pending: [29]
Returning pending token: [29]
[TOKEN] type=25, text='data'
[TOKEN] type=1, text='='
[TOKEN] type=16, text='-1'
[TOKEN] type=-1, text='<EOF>'
[EOF] Emitting DEDENTs for remaining indent levels, stack=[0]
Tokens pending: [30]
[TOKEN] type=-1, text='<EOF>'
[EOF] Emitting DEDENTs for remaining indent levels, stack=[0]
Tokens pending: []
[RUN] Done testing against python_samples/project_deliverable_2.py
====================================================================================
[RUN] Generating parse trees
[RUN] Parse tree for project_deliverable_1.py generated as parse_tree_1.ps
====================================================================================
[RUN] Generating parse tree for project_deliverable_2.py
[RUN] Parse tree for project_deliverable_2.py generated as parse_tree_2.ps
:11:0: rule block contains an optional block with at least one alternative that can match an empty string
warning(154): minipython.g4:37:0: rule expr contains an optional block with at least one alternative that can match an empty string
line 31:1 no viable alternative at input 'ifvar1>var2:\r\narith_op1'
